This is pdfTeX, Version 3.141592653-2.6-1.40.22 (TeX Live 2021) (preloaded format=pdflatex 2022.4.2)  30 DEC 2022 19:49
entering extended mode
 restricted \write18 enabled.
 %&-line parsing enabled.
**Final.tex
(./Final.tex
LaTeX2e <2020-10-01> patch level 4
L3 programming layer <2021-02-18>
(/usr/local/texlive/2021/texmf-dist/tex/latex/base/article.cls
Document Class: article 2020/04/10 v1.4m Standard LaTeX document class
(/usr/local/texlive/2021/texmf-dist/tex/latex/base/size11.clo
File: size11.clo 2020/04/10 v1.4m Standard LaTeX file (size option)
)
\c@part=\count179
\c@section=\count180
\c@subsection=\count181
\c@subsubsection=\count182
\c@paragraph=\count183
\c@subparagraph=\count184
\c@figure=\count185
\c@table=\count186
\abovecaptionskip=\skip47
\belowcaptionskip=\skip48
\bibindent=\dimen138
)
(/usr/local/texlive/2021/texmf-dist/tex/latex/base/inputenc.sty
Package: inputenc 2020/08/01 v1.3d Input encoding file
\inpenc@prehook=\toks15
\inpenc@posthook=\toks16
)
(/usr/local/texlive/2021/texmf-dist/tex/generic/babel/babel.sty
Package: babel 2021/03/24 3.56 The Babel package

(/usr/local/texlive/2021/texmf-dist/tex/generic/babel/babel.def
File: babel.def 2021/03/24 3.56 Babel common definitions
\babel@savecnt=\count187
\U@D=\dimen139
\l@babelnohyphens=\language87

(/usr/local/texlive/2021/texmf-dist/tex/generic/babel/txtbabel.def)
\bbl@readstream=\read2
)
\bbl@dirlevel=\count188

(/usr/local/texlive/2021/texmf-dist/tex/generic/babel-spanish/spanish.ldf
Language: spanish.ldf 2016/03/03 v5.0p Spanish support from the babel system
\es@quottoks=\toks17
\es@quotdepth=\count189
Package babel Info: Making " an active character on input line 561.
Package babel Info: Making . an active character on input line 662.
Package babel Info: Making < an active character on input line 707.
Package babel Info: Making > an active character on input line 707.
))
(/usr/local/texlive/2021/texmf-dist/tex/latex/parskip/parskip.sty
Package: parskip 2021-03-14 v2.0h non-zero parskip adjustments

(/usr/local/texlive/2021/texmf-dist/tex/latex/kvoptions/kvoptions.sty
Package: kvoptions 2020-10-07 v3.14 Key value format for package options (HO)

(/usr/local/texlive/2021/texmf-dist/tex/latex/graphics/keyval.sty
Package: keyval 2014/10/28 v1.15 key=value parser (DPC)
\KV@toks@=\toks18
)
(/usr/local/texlive/2021/texmf-dist/tex/generic/ltxcmds/ltxcmds.sty
Package: ltxcmds 2020-05-10 v1.25 LaTeX kernel commands for general use (HO)
)
(/usr/local/texlive/2021/texmf-dist/tex/generic/kvsetkeys/kvsetkeys.sty
Package: kvsetkeys 2019/12/15 v1.18 Key value parser (HO)
))
(/usr/local/texlive/2021/texmf-dist/tex/latex/etoolbox/etoolbox.sty
Package: etoolbox 2020/10/05 v2.5k e-TeX tools for LaTeX (JAW)
\etb@tempcnta=\count190
))
(/usr/local/texlive/2021/texmf-dist/tex/latex/tools/enumerate.sty
Package: enumerate 2015/07/23 v3.00 enumerate extensions (DPC)
\@enLab=\toks19
)
(/usr/local/texlive/2021/texmf-dist/tex/latex/graphics/graphicx.sty
Package: graphicx 2020/09/09 v1.2b Enhanced LaTeX Graphics (DPC,SPQR)

(/usr/local/texlive/2021/texmf-dist/tex/latex/graphics/graphics.sty
Package: graphics 2020/08/30 v1.4c Standard LaTeX Graphics (DPC,SPQR)

(/usr/local/texlive/2021/texmf-dist/tex/latex/graphics/trig.sty
Package: trig 2016/01/03 v1.10 sin cos tan (DPC)
)
(/usr/local/texlive/2021/texmf-dist/tex/latex/graphics-cfg/graphics.cfg
File: graphics.cfg 2016/06/04 v1.11 sample graphics configuration
)
Package graphics Info: Driver file: pdftex.def on input line 105.

(/usr/local/texlive/2021/texmf-dist/tex/latex/graphics-def/pdftex.def
File: pdftex.def 2020/10/05 v1.2a Graphics/color driver for pdftex
))
\Gin@req@height=\dimen140
\Gin@req@width=\dimen141
)
(/usr/local/texlive/2021/texmf-dist/tex/latex/subfigure/subfigure.sty
Package: subfigure 2002/03/15 v2.1.5 subfigure package
\subfigtopskip=\skip49
\subfigcapskip=\skip50
\subfigcaptopadj=\dimen142
\subfigbottomskip=\skip51
\subfigcapmargin=\dimen143
\subfiglabelskip=\skip52
\c@subfigure=\count191
\c@lofdepth=\count192
\c@subtable=\count193
\c@lotdepth=\count194

****************************************
* Local config file subfigure.cfg used *
****************************************
(/usr/local/texlive/2021/texmf-dist/tex/latex/subfigure/subfigure.cfg)
\subfig@top=\skip53
\subfig@bottom=\skip54
)
(/usr/local/texlive/2021/texmf-dist/tex/latex/float/float.sty
Package: float 2001/11/08 v1.3d Float enhancements (AL)
\c@float@type=\count195
\float@exts=\toks20
\float@box=\box47
\@float@everytoks=\toks21
\@floatcapt=\box48
)
(/usr/local/texlive/2021/texmf-dist/tex/latex/amsmath/amsmath.sty
Package: amsmath 2020/09/23 v2.17i AMS math features
\@mathmargin=\skip55

For additional information on amsmath, use the `?' option.
(/usr/local/texlive/2021/texmf-dist/tex/latex/amsmath/amstext.sty
Package: amstext 2000/06/29 v2.01 AMS text

(/usr/local/texlive/2021/texmf-dist/tex/latex/amsmath/amsgen.sty
File: amsgen.sty 1999/11/30 v2.0 generic functions
\@emptytoks=\toks22
\ex@=\dimen144
))
(/usr/local/texlive/2021/texmf-dist/tex/latex/amsmath/amsbsy.sty
Package: amsbsy 1999/11/29 v1.2d Bold Symbols
\pmbraise@=\dimen145
)
(/usr/local/texlive/2021/texmf-dist/tex/latex/amsmath/amsopn.sty
Package: amsopn 2016/03/08 v2.02 operator names
)
\inf@bad=\count196
LaTeX Info: Redefining \frac on input line 234.
\uproot@=\count197
\leftroot@=\count198
LaTeX Info: Redefining \overline on input line 399.
\classnum@=\count199
\DOTSCASE@=\count266
LaTeX Info: Redefining \ldots on input line 496.
LaTeX Info: Redefining \dots on input line 499.
LaTeX Info: Redefining \cdots on input line 620.
\Mathstrutbox@=\box49
\strutbox@=\box50
\big@size=\dimen146
LaTeX Font Info:    Redeclaring font encoding OML on input line 743.
LaTeX Font Info:    Redeclaring font encoding OMS on input line 744.
\macc@depth=\count267
\c@MaxMatrixCols=\count268
\dotsspace@=\muskip16
\c@parentequation=\count269
\dspbrk@lvl=\count270
\tag@help=\toks23
\row@=\count271
\column@=\count272
\maxfields@=\count273
\andhelp@=\toks24
\eqnshift@=\dimen147
\alignsep@=\dimen148
\tagshift@=\dimen149
\tagwidth@=\dimen150
\totwidth@=\dimen151
\lineht@=\dimen152
\@envbody=\toks25
\multlinegap=\skip56
\multlinetaggap=\skip57
\mathdisplay@stack=\toks26
LaTeX Info: Redefining \[ on input line 2923.
LaTeX Info: Redefining \] on input line 2924.
)
(/usr/local/texlive/2021/texmf-dist/tex/latex/amsfonts/amssymb.sty
Package: amssymb 2013/01/14 v3.01 AMS font symbols

(/usr/local/texlive/2021/texmf-dist/tex/latex/amsfonts/amsfonts.sty
Package: amsfonts 2013/01/14 v3.01 Basic AMSFonts support
\symAMSa=\mathgroup4
\symAMSb=\mathgroup5
LaTeX Font Info:    Redeclaring math symbol \hbar on input line 98.
LaTeX Font Info:    Overwriting math alphabet `\mathfrak' in version `bold'
(Font)                  U/euf/m/n --> U/euf/b/n on input line 106.
))
(/usr/local/texlive/2021/texmf-dist/tex/latex/was/upgreek.sty
Package: upgreek 2003/02/12 v2.0 (WaS)
Package upgreek Info: Using Euler Roman for upright Greek on input line 31.
\symugrf@m=\mathgroup6
LaTeX Font Info:    Overwriting symbol font `ugrf@m' in version `bold'
(Font)                  U/eur/m/n --> U/eur/b/n on input line 38.
)
(/usr/local/texlive/2021/texmf-dist/tex/latex/enumitem/enumitem.sty
Package: enumitem 2019/06/20 v3.9 Customized lists
\labelindent=\skip58
\enit@outerparindent=\dimen153
\enit@toks=\toks27
\enit@inbox=\box51
\enit@count@id=\count274
\enitdp@description=\count275
)
(/usr/local/texlive/2021/texmf-dist/tex/latex/doublestroke/dsfont.sty
Package: dsfont 1995/08/01 v0.1 Double stroke roman fonts
)
(/usr/local/texlive/2021/texmf-dist/tex/latex/l3packages/xfrac/xfrac.sty
(/usr/local/texlive/2021/texmf-dist/tex/latex/l3kernel/expl3.sty
Package: expl3 2021-02-18 L3 programming layer (loader) 

(/usr/local/texlive/2021/texmf-dist/tex/latex/l3backend/l3backend-pdftex.def
File: l3backend-pdftex.def 2021-03-18 L3 backend support: PDF output (pdfTeX)
\l__color_backend_stack_int=\count276
\l__pdf_internal_box=\box52
))
(/usr/local/texlive/2021/texmf-dist/tex/latex/l3packages/l3keys2e/l3keys2e.sty
Package: l3keys2e 2021-03-12 LaTeX2e option processing using LaTeX3 keys
) (/usr/local/texlive/2021/texmf-dist/tex/latex/base/textcomp.sty
Package: textcomp 2020/02/02 v2.0n Standard LaTeX package
)
(/usr/local/texlive/2021/texmf-dist/tex/latex/l3packages/xparse/xparse.sty
(/usr/local/texlive/2021/texmf-dist/tex/latex/l3packages/xparse/xparse-2020-10-
01.sty
(/usr/local/texlive/2021/texmf-dist/tex/latex/l3packages/xparse/xparse-generic.
tex)))
(/usr/local/texlive/2021/texmf-dist/tex/latex/l3packages/xtemplate/xtemplate.st
y
Package: xtemplate 2021-03-12 L3 Experimental prototype document functions
\l__xtemplate_tmp_dim=\dimen154
\l__xtemplate_tmp_int=\count277
\l__xtemplate_tmp_muskip=\muskip17
\l__xtemplate_tmp_skip=\skip59
)
Package: xfrac 2021-03-12 L3 Experimental split-level fractions
\l__xfrac_slash_box=\box53
\l__xfrac_tmp_box=\box54
\l__xfrac_denominator_bot_sep_dim=\dimen155
\l__xfrac_numerator_bot_sep_dim=\dimen156
\l__xfrac_numerator_top_sep_dim=\dimen157
\l__xfrac_slash_left_sep_dim=\dimen158
\l__xfrac_slash_right_sep_dim=\dimen159
\l__xfrac_slash_left_muskip=\muskip18
\l__xfrac_slash_right_muskip=\muskip19

Package xtemplate Info: Declaring object type 'xfrac' taking 3 argument(s) on
(xtemplate)             line 80.

) (/usr/local/texlive/2021/texmf-dist/tex/latex/lm/lmodern.sty
Package: lmodern 2015/05/01 v1.6.1 Latin Modern Fonts
LaTeX Font Info:    Overwriting symbol font `operators' in version `normal'
(Font)                  OT1/cmr/m/n --> OT1/lmr/m/n on input line 22.
LaTeX Font Info:    Overwriting symbol font `letters' in version `normal'
(Font)                  OML/cmm/m/it --> OML/lmm/m/it on input line 23.
LaTeX Font Info:    Overwriting symbol font `symbols' in version `normal'
(Font)                  OMS/cmsy/m/n --> OMS/lmsy/m/n on input line 24.
LaTeX Font Info:    Overwriting symbol font `largesymbols' in version `normal'
(Font)                  OMX/cmex/m/n --> OMX/lmex/m/n on input line 25.
LaTeX Font Info:    Overwriting symbol font `operators' in version `bold'
(Font)                  OT1/cmr/bx/n --> OT1/lmr/bx/n on input line 26.
LaTeX Font Info:    Overwriting symbol font `letters' in version `bold'
(Font)                  OML/cmm/b/it --> OML/lmm/b/it on input line 27.
LaTeX Font Info:    Overwriting symbol font `symbols' in version `bold'
(Font)                  OMS/cmsy/b/n --> OMS/lmsy/b/n on input line 28.
LaTeX Font Info:    Overwriting symbol font `largesymbols' in version `bold'
(Font)                  OMX/cmex/m/n --> OMX/lmex/m/n on input line 29.
LaTeX Font Info:    Overwriting math alphabet `\mathbf' in version `normal'
(Font)                  OT1/cmr/bx/n --> OT1/lmr/bx/n on input line 31.
LaTeX Font Info:    Overwriting math alphabet `\mathsf' in version `normal'
(Font)                  OT1/cmss/m/n --> OT1/lmss/m/n on input line 32.
LaTeX Font Info:    Overwriting math alphabet `\mathit' in version `normal'
(Font)                  OT1/cmr/m/it --> OT1/lmr/m/it on input line 33.
LaTeX Font Info:    Overwriting math alphabet `\mathtt' in version `normal'
(Font)                  OT1/cmtt/m/n --> OT1/lmtt/m/n on input line 34.
LaTeX Font Info:    Overwriting math alphabet `\mathbf' in version `bold'
(Font)                  OT1/cmr/bx/n --> OT1/lmr/bx/n on input line 35.
LaTeX Font Info:    Overwriting math alphabet `\mathsf' in version `bold'
(Font)                  OT1/cmss/bx/n --> OT1/lmss/bx/n on input line 36.
LaTeX Font Info:    Overwriting math alphabet `\mathit' in version `bold'
(Font)                  OT1/cmr/bx/it --> OT1/lmr/bx/it on input line 37.
LaTeX Font Info:    Overwriting math alphabet `\mathtt' in version `bold'
(Font)                  OT1/cmtt/m/n --> OT1/lmtt/m/n on input line 38.
)
(/usr/local/texlive/2021/texmf-dist/tex/latex/listings/listings.sty
\lst@mode=\count278
\lst@gtempboxa=\box55
\lst@token=\toks28
\lst@length=\count279
\lst@currlwidth=\dimen160
\lst@column=\count280
\lst@pos=\count281
\lst@lostspace=\dimen161
\lst@width=\dimen162
\lst@newlines=\count282
\lst@lineno=\count283
\lst@maxwidth=\dimen163

(/usr/local/texlive/2021/texmf-dist/tex/latex/listings/lstmisc.sty
File: lstmisc.sty 2020/03/24 1.8d (Carsten Heinz)
\c@lstnumber=\count284
\lst@skipnumbers=\count285
\lst@framebox=\box56
)
(/usr/local/texlive/2021/texmf-dist/tex/latex/listings/listings.cfg
File: listings.cfg 2020/03/24 1.8d listings configuration
))
Package: listings 2020/03/24 1.8d (Carsten Heinz)

(/usr/local/texlive/2021/texmf-dist/tex/latex/hyperref/hyperref.sty
Package: hyperref 2021-02-27 v7.00k Hypertext links for LaTeX

(/usr/local/texlive/2021/texmf-dist/tex/generic/iftex/iftex.sty
Package: iftex 2020/03/06 v1.0d TeX engine tests
)
(/usr/local/texlive/2021/texmf-dist/tex/generic/pdftexcmds/pdftexcmds.sty
Package: pdftexcmds 2020-06-27 v0.33 Utility functions of pdfTeX for LuaTeX (HO
)

(/usr/local/texlive/2021/texmf-dist/tex/generic/infwarerr/infwarerr.sty
Package: infwarerr 2019/12/03 v1.5 Providing info/warning/error messages (HO)
)
Package pdftexcmds Info: \pdf@primitive is available.
Package pdftexcmds Info: \pdf@ifprimitive is available.
Package pdftexcmds Info: \pdfdraftmode found.
)
(/usr/local/texlive/2021/texmf-dist/tex/generic/kvdefinekeys/kvdefinekeys.sty
Package: kvdefinekeys 2019-12-19 v1.6 Define keys (HO)
)
(/usr/local/texlive/2021/texmf-dist/tex/generic/pdfescape/pdfescape.sty
Package: pdfescape 2019/12/09 v1.15 Implements pdfTeX's escape features (HO)
)
(/usr/local/texlive/2021/texmf-dist/tex/latex/hycolor/hycolor.sty
Package: hycolor 2020-01-27 v1.10 Color options for hyperref/bookmark (HO)
)
(/usr/local/texlive/2021/texmf-dist/tex/latex/letltxmacro/letltxmacro.sty
Package: letltxmacro 2019/12/03 v1.6 Let assignment for LaTeX macros (HO)
)
(/usr/local/texlive/2021/texmf-dist/tex/latex/auxhook/auxhook.sty
Package: auxhook 2019-12-17 v1.6 Hooks for auxiliary files (HO)
)
\@linkdim=\dimen164
\Hy@linkcounter=\count286
\Hy@pagecounter=\count287

(/usr/local/texlive/2021/texmf-dist/tex/latex/hyperref/pd1enc.def
File: pd1enc.def 2021-02-27 v7.00k Hyperref: PDFDocEncoding definition (HO)
Now handling font encoding PD1 ...
... no UTF-8 mapping file for font encoding PD1
)
(/usr/local/texlive/2021/texmf-dist/tex/latex/hyperref/hyperref-langpatches.def
File: hyperref-langpatches.def 2021-02-27 v7.00k Hyperref: patches for babel la
nguages
) (/usr/local/texlive/2021/texmf-dist/tex/generic/intcalc/intcalc.sty
Package: intcalc 2019/12/15 v1.3 Expandable calculations with integers (HO)
)
(/usr/local/texlive/2021/texmf-dist/tex/generic/etexcmds/etexcmds.sty
Package: etexcmds 2019/12/15 v1.7 Avoid name clashes with e-TeX commands (HO)
)
\Hy@SavedSpaceFactor=\count288

(/usr/local/texlive/2021/texmf-dist/tex/latex/hyperref/puenc.def
File: puenc.def 2021-02-27 v7.00k Hyperref: PDF Unicode definition (HO)
Now handling font encoding PU ...
... no UTF-8 mapping file for font encoding PU
)
Package hyperref Info: Option `bookmarks' set `true' on input line 4073.
Package hyperref Info: Option `bookmarksnumbered' set `false' on input line 407
3.
Package hyperref Info: Option `bookmarksopen' set `false' on input line 4073.
Package hyperref Info: Option `colorlinks' set `true' on input line 4073.
Package hyperref Info: Hyper figures OFF on input line 4192.
Package hyperref Info: Link nesting OFF on input line 4197.
Package hyperref Info: Hyper index ON on input line 4200.
Package hyperref Info: Plain pages OFF on input line 4207.
Package hyperref Info: Backreferencing OFF on input line 4212.
Package hyperref Info: Implicit mode ON; LaTeX internals redefined.
Package hyperref Info: Bookmarks ON on input line 4445.
\c@Hy@tempcnt=\count289

(/usr/local/texlive/2021/texmf-dist/tex/latex/url/url.sty
\Urlmuskip=\muskip20
Package: url 2013/09/16  ver 3.4  Verb mode for urls, etc.
)
LaTeX Info: Redefining \url on input line 4804.
\XeTeXLinkMargin=\dimen165

(/usr/local/texlive/2021/texmf-dist/tex/generic/bitset/bitset.sty
Package: bitset 2019/12/09 v1.3 Handle bit-vector datatype (HO)

(/usr/local/texlive/2021/texmf-dist/tex/generic/bigintcalc/bigintcalc.sty
Package: bigintcalc 2019/12/15 v1.5 Expandable calculations on big integers (HO
)
))
\Fld@menulength=\count290
\Field@Width=\dimen166
\Fld@charsize=\dimen167
Package hyperref Info: Hyper figures OFF on input line 6075.
Package hyperref Info: Link nesting OFF on input line 6080.
Package hyperref Info: Hyper index ON on input line 6083.
Package hyperref Info: backreferencing OFF on input line 6090.
Package hyperref Info: Link coloring ON on input line 6093.
Package hyperref Info: Link coloring with OCG OFF on input line 6100.
Package hyperref Info: PDF/A mode OFF on input line 6105.
LaTeX Info: Redefining \ref on input line 6145.
LaTeX Info: Redefining \pageref on input line 6149.

(/usr/local/texlive/2021/texmf-dist/tex/latex/base/atbegshi-ltx.sty
Package: atbegshi-ltx 2020/08/17 v1.0a Emulation of the original atbegshi packa
ge
with kernel methods
)
\Hy@abspage=\count291
\c@Item=\count292
\c@Hfootnote=\count293
)
Package hyperref Info: Driver (autodetected): hpdftex.

(/usr/local/texlive/2021/texmf-dist/tex/latex/hyperref/hpdftex.def
File: hpdftex.def 2021-02-27 v7.00k Hyperref driver for pdfTeX

(/usr/local/texlive/2021/texmf-dist/tex/latex/base/atveryend-ltx.sty
Package: atveryend-ltx 2020/08/19 v1.0a Emulation of the original atvery packag
e
with kernel methods
)
\Fld@listcount=\count294
\c@bookmark@seq@number=\count295

(/usr/local/texlive/2021/texmf-dist/tex/latex/rerunfilecheck/rerunfilecheck.sty
Package: rerunfilecheck 2019/12/05 v1.9 Rerun checks for auxiliary files (HO)

(/usr/local/texlive/2021/texmf-dist/tex/generic/uniquecounter/uniquecounter.sty
Package: uniquecounter 2019/12/15 v1.4 Provide unlimited unique counter (HO)
)
Package uniquecounter Info: New unique counter `rerunfilecheck' on input line 2
86.
)
\Hy@SectionHShift=\skip60
) (/usr/local/texlive/2021/texmf-dist/tex/latex/algorithm2e/algorithm2e.sty
Package: algorithm2e 2017/07/18 v5.2 algorithms environments
\c@AlgoLine=\count296

(/usr/local/texlive/2021/texmf-dist/tex/latex/base/ifthen.sty
Package: ifthen 2014/09/29 v1.1c Standard LaTeX ifthen package (DPC)
)
\algocf@hangindent=\skip61

(/usr/local/texlive/2021/texmf-dist/tex/latex/ifoddpage/ifoddpage.sty
Package: ifoddpage 2016/04/23 v1.1 Conditionals for odd/even page detection
\c@checkoddpage=\count297
)
(/usr/local/texlive/2021/texmf-dist/tex/latex/tools/xspace.sty
Package: xspace 2014/10/28 v1.13 Space after command names (DPC,MH)
)
(/usr/local/texlive/2021/texmf-dist/tex/latex/relsize/relsize.sty
Package: relsize 2013/03/29 ver 4.1
)
\skiptotal=\skip62
\skiplinenumber=\skip63
\skiprule=\skip64
\skiphlne=\skip65
\skiptext=\skip66
\skiplength=\skip67
\algomargin=\skip68
\skipalgocfslide=\skip69
\algowidth=\dimen168
\inoutsize=\dimen169
\inoutindent=\dimen170
\interspacetitleruled=\dimen171
\interspacealgoruled=\dimen172
\interspacetitleboxruled=\dimen173
\algocf@ruledwidth=\skip70
\algocf@inoutbox=\box57
\algocf@inputbox=\box58
\AlCapSkip=\skip71
\AlCapHSkip=\skip72
\algoskipindent=\skip73
\algocf@nlbox=\box59
\algocf@hangingbox=\box60
\algocf@untilbox=\box61
\algocf@skipuntil=\skip74
\algocf@capbox=\box62
\algocf@lcaptionbox=\skip75
\algoheightruledefault=\skip76
\algoheightrule=\skip77
\algotitleheightruledefault=\skip78
\algotitleheightrule=\skip79
\c@algocfline=\count298
\c@algocfproc=\count299
\c@algocf=\count300
\algocf@algoframe=\box63
\algocf@algobox=\box64
)
LaTeX Font Info:    Trying to load font information for OT1+lmr on input line 2
8.

(/usr/local/texlive/2021/texmf-dist/tex/latex/lm/ot1lmr.fd
File: ot1lmr.fd 2015/05/01 v1.6.1 Font defs for Latin Modern
)
(/usr/local/texlive/2021/texmf-dist/tex/latex/tools/array.sty
Package: array 2020/10/01 v2.5c Tabular extension package (FMi)
\col@sep=\dimen174
\ar@mcellbox=\box65
\extrarowheight=\dimen175
\NC@list=\toks29
\extratabsurround=\skip80
\backup@length=\skip81
\ar@cellbox=\box66
)
(/usr/local/texlive/2021/texmf-dist/tex/latex/geometry/geometry.sty
Package: geometry 2020/01/02 v5.9 Page Geometry

(/usr/local/texlive/2021/texmf-dist/tex/generic/iftex/ifvtex.sty
Package: ifvtex 2019/10/25 v1.7 ifvtex legacy package. Use iftex instead.
)
\Gm@cnth=\count301
\Gm@cntv=\count302
\c@Gm@tempcnt=\count303
\Gm@bindingoffset=\dimen176
\Gm@wd@mp=\dimen177
\Gm@odd@mp=\dimen178
\Gm@even@mp=\dimen179
\Gm@layoutwidth=\dimen180
\Gm@layoutheight=\dimen181
\Gm@layouthoffset=\dimen182
\Gm@layoutvoffset=\dimen183
\Gm@dimlist=\toks30
) (./Final.aux
LaTeX Info: Redefining \. on input line 26.
LaTeX Info: Redefining \% on input line 26.
)
\openout1 = `Final.aux'.

LaTeX Font Info:    Checking defaults for OML/cmm/m/it on input line 36.
LaTeX Font Info:    ... okay on input line 36.
LaTeX Font Info:    Checking defaults for OMS/cmsy/m/n on input line 36.
LaTeX Font Info:    ... okay on input line 36.
LaTeX Font Info:    Checking defaults for OT1/cmr/m/n on input line 36.
LaTeX Font Info:    ... okay on input line 36.
LaTeX Font Info:    Checking defaults for T1/cmr/m/n on input line 36.
LaTeX Font Info:    ... okay on input line 36.
LaTeX Font Info:    Checking defaults for TS1/cmr/m/n on input line 36.
LaTeX Font Info:    ... okay on input line 36.
LaTeX Font Info:    Checking defaults for OMX/cmex/m/n on input line 36.
LaTeX Font Info:    ... okay on input line 36.
LaTeX Font Info:    Checking defaults for U/cmr/m/n on input line 36.
LaTeX Font Info:    ... okay on input line 36.
LaTeX Font Info:    Checking defaults for PD1/pdf/m/n on input line 36.
LaTeX Font Info:    ... okay on input line 36.
LaTeX Font Info:    Checking defaults for PU/pdf/m/n on input line 36.
LaTeX Font Info:    ... okay on input line 36.
LaTeX Info: Redefining \. on input line 36.
LaTeX Info: Redefining \% on input line 36.
 (/usr/local/texlive/2021/texmf-dist/tex/context/base/mkii/supp-pdf.mkii
[Loading MPS to PDF converter (version 2006.09.02).]
\scratchcounter=\count304
\scratchdimen=\dimen184
\scratchbox=\box67
\nofMPsegments=\count305
\nofMParguments=\count306
\everyMPshowfont=\toks31
\MPscratchCnt=\count307
\MPscratchDim=\dimen185
\MPnumerator=\count308
\makeMPintoPDFobject=\count309
\everyMPtoPDFconversion=\toks32
) (/usr/local/texlive/2021/texmf-dist/tex/latex/epstopdf-pkg/epstopdf-base.sty
Package: epstopdf-base 2020-01-24 v2.11 Base part for package epstopdf
Package epstopdf-base Info: Redefining graphics rule for `.eps' on input line 4
85.

(/usr/local/texlive/2021/texmf-dist/tex/latex/latexconfig/epstopdf-sys.cfg
File: epstopdf-sys.cfg 2010/07/13 v1.3 Configuration of (r)epstopdf for TeX Liv
e
))
\c@lstlisting=\count310

(/usr/local/texlive/2021/texmf-dist/tex/latex/graphics/color.sty
Package: color 2020/02/24 v1.2b Standard LaTeX Color (DPC)

(/usr/local/texlive/2021/texmf-dist/tex/latex/graphics-cfg/color.cfg
File: color.cfg 2016/01/02 v1.6 sample color configuration
)
Package color Info: Driver file: pdftex.def on input line 147.
)
Package hyperref Info: Link coloring ON on input line 36.

(/usr/local/texlive/2021/texmf-dist/tex/latex/hyperref/nameref.sty
Package: nameref 2021-04-02 v2.47 Cross-referencing by name of section

(/usr/local/texlive/2021/texmf-dist/tex/latex/refcount/refcount.sty
Package: refcount 2019/12/15 v3.6 Data extraction from label references (HO)
)
(/usr/local/texlive/2021/texmf-dist/tex/generic/gettitlestring/gettitlestring.s
ty
Package: gettitlestring 2019/12/15 v1.6 Cleanup title references (HO)
)
\c@section@level=\count311
)
LaTeX Info: Redefining \ref on input line 36.
LaTeX Info: Redefining \pageref on input line 36.
LaTeX Info: Redefining \nameref on input line 36.
 (./Final.out) (./Final.out)
\@outlinefile=\write3
\openout3 = `Final.out'.


*geometry* driver: auto-detecting
*geometry* detected driver: pdftex
*geometry* verbose mode - [ preamble ] result:
* driver: pdftex
* paper: a4paper
* layout: <same size as paper>
* layoutoffset:(h,v)=(0.0pt,0.0pt)
* modes: 
* h-part:(L,W,R)=(56.9055pt, 483.69687pt, 56.9055pt)
* v-part:(T,H,B)=(56.9055pt, 731.23584pt, 56.9055pt)
* \paperwidth=597.50787pt
* \paperheight=845.04684pt
* \textwidth=483.69687pt
* \textheight=731.23584pt
* \oddsidemargin=-15.36449pt
* \evensidemargin=-15.36449pt
* \topmargin=-52.36449pt
* \headheight=12.0pt
* \headsep=25.0pt
* \topskip=11.0pt
* \footskip=30.0pt
* \marginparwidth=50.0pt
* \marginparsep=10.0pt
* \columnsep=10.0pt
* \skip\footins=10.0pt plus 4.0pt minus 2.0pt
* \hoffset=0.0pt
* \voffset=0.0pt
* \mag=1000
* \@twocolumnfalse
* \@twosidefalse
* \@mparswitchfalse
* \@reversemarginfalse
* (1in=72.27pt=25.4mm, 1cm=28.453pt)

</Users/pedrors/Desktop/DGIIM/Latex/UGR.png, id=40, 1284.8pt x 722.7pt>
File: /Users/pedrors/Desktop/DGIIM/Latex/UGR.png Graphic file (type png)
<use /Users/pedrors/Desktop/DGIIM/Latex/UGR.png>
Package pdftex.def Info: /Users/pedrors/Desktop/DGIIM/Latex/UGR.png  used on in
put line 39.
(pdftex.def)             Requested size: 72.55157pt x 40.80174pt.
[1

{/usr/local/texlive/2021/texmf-var/fonts/map/pdftex/updmap/pdftex.map} </Users/
pedrors/Desktop/DGIIM/Latex/UGR.png>] (./Final.toc
LaTeX Info: Redefining \. on input line 1.
LaTeX Info: Redefining \% on input line 1.
LaTeX Font Info:    Trying to load font information for OML+lmm on input line 5
.

(/usr/local/texlive/2021/texmf-dist/tex/latex/lm/omllmm.fd
File: omllmm.fd 2015/05/01 v1.6.1 Font defs for Latin Modern
)
LaTeX Font Info:    Trying to load font information for OMS+lmsy on input line 
5.

(/usr/local/texlive/2021/texmf-dist/tex/latex/lm/omslmsy.fd
File: omslmsy.fd 2015/05/01 v1.6.1 Font defs for Latin Modern
)
LaTeX Font Info:    Trying to load font information for OMX+lmex on input line 
5.

(/usr/local/texlive/2021/texmf-dist/tex/latex/lm/omxlmex.fd
File: omxlmex.fd 2015/05/01 v1.6.1 Font defs for Latin Modern
)
LaTeX Font Info:    External font `lmex10' loaded for size
(Font)              <10.95> on input line 5.
LaTeX Font Info:    External font `lmex10' loaded for size
(Font)              <8> on input line 5.
LaTeX Font Info:    External font `lmex10' loaded for size
(Font)              <6> on input line 5.
LaTeX Font Info:    Trying to load font information for U+msa on input line 5.

(/usr/local/texlive/2021/texmf-dist/tex/latex/amsfonts/umsa.fd
File: umsa.fd 2013/01/14 v3.01 AMS symbols A
)
LaTeX Font Info:    Trying to load font information for U+msb on input line 5.

(/usr/local/texlive/2021/texmf-dist/tex/latex/amsfonts/umsb.fd
File: umsb.fd 2013/01/14 v3.01 AMS symbols B
))
\tf@toc=\write4
\openout4 = `Final.toc'.

pdfTeX warning (ext4): destination with the same identifier (name{page.1}) has 
been already used, duplicate ignored
<to be read again> 
                   \relax 
l.55 \newpage
              [1]
LaTeX Font Info:    Trying to load font information for OT1+lmtt on input line 
89.
 (/usr/local/texlive/2021/texmf-dist/tex/latex/lm/ot1lmtt.fd
File: ot1lmtt.fd 2015/05/01 v1.6.1 Font defs for Latin Modern
)
[2]
<../img/img1.png, id=72, 1349.04pt x 963.6pt>
File: ../img/img1.png Graphic file (type png)
<use ../img/img1.png>
Package pdftex.def Info: ../img/img1.png  used on input line 129.
(pdftex.def)             Requested size: 193.47578pt x 138.19662pt.
<../img/img2.png, id=73, 1349.04pt x 963.6pt>
File: ../img/img2.png Graphic file (type png)
<use ../img/img2.png>
Package pdftex.def Info: ../img/img2.png  used on input line 130.
(pdftex.def)             Requested size: 193.47578pt x 138.19662pt.
 [3 <../img/img1.png> <../img/img2.png>]
(/usr/local/texlive/2021/texmf-dist/tex/latex/listings/lstlang1.sty
File: lstlang1.sty 2020/03/24 1.8d listings language file
)
(/usr/local/texlive/2021/texmf-dist/tex/latex/listings/lstlang2.sty
File: lstlang2.sty 2020/03/24 1.8d listings language file
)
(/usr/local/texlive/2021/texmf-dist/tex/latex/listings/lstlang3.sty
File: lstlang3.sty 2020/03/24 1.8d listings language file
)
<../img/img3.png, id=83, 1349.04pt x 963.6pt>
File: ../img/img3.png Graphic file (type png)
<use ../img/img3.png>
Package pdftex.def Info: ../img/img3.png  used on input line 168.
(pdftex.def)             Requested size: 96.73788pt x 69.09096pt.
<../img/img4.png, id=84, 1349.04pt x 963.6pt>
File: ../img/img4.png Graphic file (type png)
<use ../img/img4.png>
Package pdftex.def Info: ../img/img4.png  used on input line 169.
(pdftex.def)             Requested size: 96.73788pt x 69.09096pt.
<../img/img5.png, id=85, 1349.04pt x 963.6pt>
File: ../img/img5.png Graphic file (type png)
<use ../img/img5.png>
Package pdftex.def Info: ../img/img5.png  used on input line 170.
(pdftex.def)             Requested size: 96.73788pt x 69.09096pt.
<../img/img6.png, id=86, 1349.04pt x 963.6pt>
File: ../img/img6.png Graphic file (type png)
<use ../img/img6.png>
Package pdftex.def Info: ../img/img6.png  used on input line 171.
(pdftex.def)             Requested size: 96.73788pt x 69.09096pt.
<../img/img7.png, id=87, 1349.04pt x 963.6pt>
File: ../img/img7.png Graphic file (type png)
<use ../img/img7.png>
Package pdftex.def Info: ../img/img7.png  used on input line 172.
(pdftex.def)             Requested size: 96.73788pt x 69.09096pt.
<../img/img8.png, id=88, 1349.04pt x 963.6pt>
File: ../img/img8.png Graphic file (type png)
<use ../img/img8.png>
Package pdftex.def Info: ../img/img8.png  used on input line 173.
(pdftex.def)             Requested size: 96.73788pt x 69.09096pt.
<../img/img9.png, id=89, 1349.04pt x 963.6pt>
File: ../img/img9.png Graphic file (type png)
<use ../img/img9.png>
Package pdftex.def Info: ../img/img9.png  used on input line 174.
(pdftex.def)             Requested size: 96.73788pt x 69.09096pt.
<../img/img10.png, id=90, 1349.04pt x 963.6pt>
File: ../img/img10.png Graphic file (type png)
<use ../img/img10.png>
Package pdftex.def Info: ../img/img10.png  used on input line 175.
(pdftex.def)             Requested size: 96.73788pt x 69.09096pt.
<../img/img11.png, id=91, 1349.04pt x 963.6pt>
File: ../img/img11.png Graphic file (type png)
<use ../img/img11.png>
Package pdftex.def Info: ../img/img11.png  used on input line 182.
(pdftex.def)             Requested size: 96.73788pt x 69.09096pt.
<../img/img12.png, id=92, 1349.04pt x 963.6pt>
File: ../img/img12.png Graphic file (type png)
<use ../img/img12.png>
Package pdftex.def Info: ../img/img12.png  used on input line 183.
(pdftex.def)             Requested size: 96.73788pt x 69.09096pt.
<../img/img13.png, id=93, 1349.04pt x 963.6pt>
File: ../img/img13.png Graphic file (type png)
<use ../img/img13.png>
Package pdftex.def Info: ../img/img13.png  used on input line 184.
(pdftex.def)             Requested size: 96.73788pt x 69.09096pt.
<../img/img14.png, id=94, 1349.04pt x 963.6pt>
File: ../img/img14.png Graphic file (type png)
<use ../img/img14.png>
Package pdftex.def Info: ../img/img14.png  used on input line 185.
(pdftex.def)             Requested size: 96.73788pt x 69.09096pt.
<../img/img15.png, id=95, 1349.04pt x 963.6pt>
File: ../img/img15.png Graphic file (type png)
<use ../img/img15.png>
Package pdftex.def Info: ../img/img15.png  used on input line 186.
(pdftex.def)             Requested size: 96.73788pt x 69.09096pt.
<../img/img16.png, id=96, 1349.04pt x 963.6pt>
File: ../img/img16.png Graphic file (type png)
<use ../img/img16.png>
Package pdftex.def Info: ../img/img16.png  used on input line 187.
(pdftex.def)             Requested size: 96.73788pt x 69.09096pt.
<../img/img17.png, id=97, 1349.04pt x 963.6pt>
File: ../img/img17.png Graphic file (type png)
<use ../img/img17.png>
Package pdftex.def Info: ../img/img17.png  used on input line 188.
(pdftex.def)             Requested size: 96.73788pt x 69.09096pt.
<../img/img18.png, id=98, 1349.04pt x 963.6pt>
File: ../img/img18.png Graphic file (type png)
<use ../img/img18.png>
Package pdftex.def Info: ../img/img18.png  used on input line 189.
(pdftex.def)             Requested size: 96.73788pt x 69.09096pt.
 [4 <../img/img3.png> <../img/img4.png> <../img/img5.png> <../img/img6.png> <..
/img/img7.png> <../img/img8.png> <../img/img9.png> <../img/img10.png>]
<../img/img19.png, id=124, 1349.04pt x 963.6pt>
File: ../img/img19.png Graphic file (type png)
<use ../img/img19.png>
Package pdftex.def Info: ../img/img19.png  used on input line 202.
(pdftex.def)             Requested size: 193.47578pt x 138.19662pt.
<../img/img20.png, id=125, 1349.04pt x 963.6pt>
File: ../img/img20.png Graphic file (type png)
<use ../img/img20.png>
Package pdftex.def Info: ../img/img20.png  used on input line 203.
(pdftex.def)             Requested size: 193.47578pt x 138.19662pt.
<../img/img21.png, id=126, 1349.04pt x 963.6pt>
File: ../img/img21.png Graphic file (type png)
<use ../img/img21.png>
Package pdftex.def Info: ../img/img21.png  used on input line 209.
(pdftex.def)             Requested size: 241.84843pt x 172.74945pt.
 [5 <../img/img11.png> <../img/img12.png> <../img/img13.png> <../img/img14.png>
 <../img/img15.png> <../img/img16.png> <../img/img17.png> <../img/img18.png> <.
./img/img19.png> <../img/img20.png> <../img/img21.png>]
<../img/img22.png, id=154, 1349.04pt x 963.6pt>
File: ../img/img22.png Graphic file (type png)
<use ../img/img22.png>
Package pdftex.def Info: ../img/img22.png  used on input line 216.
(pdftex.def)             Requested size: 145.11053pt x 103.64378pt.
<../img/img23.png, id=155, 1349.04pt x 963.6pt>
File: ../img/img23.png Graphic file (type png)
<use ../img/img23.png>
Package pdftex.def Info: ../img/img23.png  used on input line 217.
(pdftex.def)             Requested size: 145.11053pt x 103.64378pt.
<../img/img24.png, id=156, 1349.04pt x 963.6pt>
File: ../img/img24.png Graphic file (type png)
<use ../img/img24.png>
Package pdftex.def Info: ../img/img24.png  used on input line 218.
(pdftex.def)             Requested size: 145.11053pt x 103.64378pt.
<../img/img25.png, id=157, 1349.04pt x 963.6pt>
File: ../img/img25.png Graphic file (type png)
<use ../img/img25.png>
Package pdftex.def Info: ../img/img25.png  used on input line 223.
(pdftex.def)             Requested size: 145.11053pt x 103.64378pt.
<../img/img26.png, id=158, 1349.04pt x 963.6pt>
File: ../img/img26.png Graphic file (type png)
<use ../img/img26.png>
Package pdftex.def Info: ../img/img26.png  used on input line 224.
(pdftex.def)             Requested size: 145.11053pt x 103.64378pt.
<../img/img27.png, id=159, 1349.04pt x 963.6pt>
File: ../img/img27.png Graphic file (type png)
<use ../img/img27.png>
Package pdftex.def Info: ../img/img27.png  used on input line 225.
(pdftex.def)             Requested size: 145.11053pt x 103.64378pt.
<../img/img28.png, id=160, 1349.04pt x 963.6pt>
File: ../img/img28.png Graphic file (type png)
<use ../img/img28.png>
Package pdftex.def Info: ../img/img28.png  used on input line 230.
(pdftex.def)             Requested size: 145.11053pt x 103.64378pt.
<../img/img29.png, id=161, 1349.04pt x 963.6pt>
File: ../img/img29.png Graphic file (type png)
<use ../img/img29.png>
Package pdftex.def Info: ../img/img29.png  used on input line 231.
(pdftex.def)             Requested size: 145.11053pt x 103.64378pt.
<../img/img30.png, id=162, 1349.04pt x 963.6pt>
File: ../img/img30.png Graphic file (type png)
<use ../img/img30.png>
Package pdftex.def Info: ../img/img30.png  used on input line 232.
(pdftex.def)             Requested size: 145.11053pt x 103.64378pt.
<../img/img31.png, id=163, 1349.04pt x 963.6pt>
File: ../img/img31.png Graphic file (type png)
<use ../img/img31.png>
Package pdftex.def Info: ../img/img31.png  used on input line 238.
(pdftex.def)             Requested size: 193.47578pt x 138.19662pt.
<../img/img32.png, id=164, 1349.04pt x 963.6pt>
File: ../img/img32.png Graphic file (type png)
<use ../img/img32.png>
Package pdftex.def Info: ../img/img32.png  used on input line 239.
(pdftex.def)             Requested size: 193.47578pt x 138.19662pt.
<../img/img33.png, id=165, 1349.04pt x 963.6pt>
File: ../img/img33.png Graphic file (type png)
<use ../img/img33.png>
Package pdftex.def Info: ../img/img33.png  used on input line 245.
(pdftex.def)             Requested size: 193.47578pt x 138.19662pt.
<../img/img34.png, id=166, 1349.04pt x 963.6pt>
File: ../img/img34.png Graphic file (type png)
<use ../img/img34.png>
Package pdftex.def Info: ../img/img34.png  used on input line 246.
(pdftex.def)             Requested size: 193.47578pt x 138.19662pt.
 [6 <../img/img22.png> <../img/img23.png> <../img/img24.png> <../img/img25.png>
 <../img/img26.png> <../img/img27.png> <../img/img28.png> <../img/img29.png> <.
./img/img30.png> <../img/img31.png> <../img/img32.png>]
<../img/img35.png, id=194, 1349.04pt x 963.6pt>
File: ../img/img35.png Graphic file (type png)
<use ../img/img35.png>
Package pdftex.def Info: ../img/img35.png  used on input line 257.
(pdftex.def)             Requested size: 290.22107pt x 207.28758pt.
<../img/img37.png, id=195, 1349.04pt x 963.6pt>
File: ../img/img37.png Graphic file (type png)
<use ../img/img37.png>
Package pdftex.def Info: ../img/img37.png  used on input line 263.
(pdftex.def)             Requested size: 241.84843pt x 172.74945pt.
<../img/img39.png, id=196, 1349.04pt x 963.6pt>
File: ../img/img39.png Graphic file (type png)
<use ../img/img39.png>
Package pdftex.def Info: ../img/img39.png  used on input line 269.
(pdftex.def)             Requested size: 314.40001pt x 224.56401pt.
 [7 <../img/img33.png> <../img/img34.png> <../img/img35.png> <../img/img37.png>
]
<../img/img40.png, id=210, 1349.04pt x 963.6pt>
File: ../img/img40.png Graphic file (type png)
<use ../img/img40.png>
Package pdftex.def Info: ../img/img40.png  used on input line 275.
(pdftex.def)             Requested size: 145.11053pt x 103.64378pt.
<../img/img41.png, id=211, 1349.04pt x 963.6pt>
File: ../img/img41.png Graphic file (type png)
<use ../img/img41.png>
Package pdftex.def Info: ../img/img41.png  used on input line 276.
(pdftex.def)             Requested size: 145.11053pt x 103.64378pt.
<../img/img42.png, id=212, 1349.04pt x 963.6pt>
File: ../img/img42.png Graphic file (type png)
<use ../img/img42.png>
Package pdftex.def Info: ../img/img42.png  used on input line 277.
(pdftex.def)             Requested size: 145.11053pt x 103.64378pt.
<../img/img43.png, id=213, 1349.04pt x 963.6pt>
File: ../img/img43.png Graphic file (type png)
<use ../img/img43.png>
Package pdftex.def Info: ../img/img43.png  used on input line 283.
(pdftex.def)             Requested size: 290.22107pt x 207.28758pt.
 [8 <../img/img39.png> <../img/img40.png> <../img/img41.png> <../img/img42.png>
 <../img/img43.png>] [9] (./Final.aux
LaTeX Info: Redefining \. on input line 26.
LaTeX Info: Redefining \% on input line 26.
)
Package rerunfilecheck Info: File `Final.out' has not changed.
(rerunfilecheck)             Checksum: CB69BF3A132F1275AF21E1F4235E6AD8;1339.
 ) 
Here is how much of TeX's memory you used:
 15816 strings out of 478994
 233517 string characters out of 5858185
 760525 words of memory out of 5000000
 32927 multiletter control sequences out of 15000+600000
 451721 words of font info for 59 fonts, out of 8000000 for 9000
 1141 hyphenation exceptions out of 8191
 71i,8n,75p,746b,1741s stack positions out of 5000i,500n,10000p,200000b,80000s
{/usr/local/texlive/2021/texmf-dist/fonts/enc/dvips/lm/lm-rmtt.enc}{/usr/loca
l/texlive/2021/texmf-dist/fonts/enc/dvips/lm/lm-rm.enc}{/usr/local/texlive/2021
/texmf-dist/fonts/enc/dvips/lm/lm-rmsc.enc}</usr/local/texlive/2021/texmf-dist/
fonts/type1/public/lm/lmbx10.pfb></usr/local/texlive/2021/texmf-dist/fonts/type
1/public/lm/lmbx12.pfb></usr/local/texlive/2021/texmf-dist/fonts/type1/public/l
m/lmcsc10.pfb></usr/local/texlive/2021/texmf-dist/fonts/type1/public/lm/lmr10.p
fb></usr/local/texlive/2021/texmf-dist/fonts/type1/public/lm/lmr12.pfb></usr/lo
cal/texlive/2021/texmf-dist/fonts/type1/public/lm/lmri10.pfb></usr/local/texliv
e/2021/texmf-dist/fonts/type1/public/lm/lmri12.pfb></usr/local/texlive/2021/tex
mf-dist/fonts/type1/public/lm/lmtt10.pfb>
Output written on Final.pdf (10 pages, 2464352 bytes).
PDF statistics:
 279 PDF objects out of 1000 (max. 8388607)
 173 compressed objects within 2 object streams
 67 named destinations out of 1000 (max. 500000)
 283 words of extra memory for PDF output out of 10000 (max. 10000000)

