\BOOKMARK [1][-]{section.1}{\376\377\000D\000i\000s\000t\000r\000i\000b\000u\000c\000i\000\363\000n\000\040\000N\000o\000r\000m\000a\000l\000\040\000M\000u\000l\000t\000i\000v\000a\000r\000i\000a\000n\000t\000e}{}% 1
\BOOKMARK [2][-]{subsection.1.1}{\376\377\000M\000o\000t\000i\000v\000a\000c\000i\000\363\000n\000\040\000s\000o\000b\000r\000e\000\040\000l\000a\000\040\000D\000N\000M}{section.1}% 2
\BOOKMARK [3][-]{subsubsection.1.1.1}{\376\377\000G\000e\000n\000e\000r\000a\000l}{subsection.1.1}% 3
\BOOKMARK [3][-]{subsubsection.1.1.2}{\376\377\000A\000s\000p\000e\000c\000t\000o\000s\000\040\000e\000s\000p\000e\000c\000\355\000f\000i\000c\000o\000s}{subsection.1.1}% 4
\BOOKMARK [3][-]{subsubsection.1.1.3}{\376\377\000A\000l\000g\000u\000n\000a\000s\000\040\000n\000o\000t\000a\000s\000\040\000h\000i\000s\000t\000\363\000r\000i\000c\000a\000s}{subsection.1.1}% 5
\BOOKMARK [2][-]{subsection.1.2}{\376\377\000F\000u\000n\000d\000a\000m\000e\000n\000t\000a\000c\000i\000\363\000n\000\040\000p\000r\000o\000b\000a\000b\000l\000i\000l\000\355\000s\000t\000i\000c\000a\000\040\000\050\000r\000e\000c\000o\000r\000d\000a\000t\000o\000r\000i\000o\000\051}{section.1}% 6
\BOOKMARK [3][-]{subsubsection.1.2.1}{\376\377\000E\000l\000e\000m\000e\000n\000t\000o\000s}{subsection.1.2}% 7
\BOOKMARK [3][-]{subsubsection.1.2.2}{\376\377\000F\000u\000n\000c\000i\000\363\000n\000\040\000d\000e\000\040\000d\000i\000s\000t\000r\000i\000b\000u\000c\000i\000\363\000n}{subsection.1.2}% 8
\BOOKMARK [3][-]{subsubsection.1.2.3}{\376\377\000I\000n\000d\000e\000p\000e\000n\000d\000e\000n\000c\000i\000a}{subsection.1.2}% 9
\BOOKMARK [3][-]{subsubsection.1.2.4}{\376\377\000F\000u\000n\000c\000i\000\363\000n\000\040\000c\000a\000r\000a\000c\000t\000e\000r\000\355\000s\000t\000i\000c\000a}{subsection.1.2}% 10
\BOOKMARK [3][-]{subsubsection.1.2.5}{\376\377\000F\000u\000n\000c\000i\000\363\000n\000\040\000c\000a\000r\000a\000c\000t\000e\000r\000\355\000s\000t\000i\000c\000a\000\040\000e\000\040\000i\000n\000d\000e\000p\000e\000n\000d\000e\000n\000c\000i\000a}{subsection.1.2}% 11
\BOOKMARK [3][-]{subsubsection.1.2.6}{\376\377\000F\000u\000n\000c\000i\000\363\000n\000\040\000c\000a\000r\000a\000c\000t\000e\000r\000\355\000s\000t\000i\000c\000a\000\040\000y\000\040\000t\000r\000a\000n\000s\000f\000o\000r\000m\000a\000c\000i\000o\000n\000e\000s\000\040\000l\000i\000n\000e\000a\000l\000e\000s}{subsection.1.2}% 12
\BOOKMARK [3][-]{subsubsection.1.2.7}{\376\377\000F\000u\000n\000c\000i\000\363\000n\000\040\000c\000a\000r\000a\000c\000t\000e\000r\000\355\000s\000t\000i\000c\000a\000\040\000y\000\040\000f\000u\000n\000c\000i\000\363\000n\000\040\000d\000e\000\040\000d\000e\000n\000s\000i\000d\000a\000d\000\040\000\050\000c\000a\000s\000o\000\040\000c\000o\000n\000t\000i\000n\000u\000o\000\051}{subsection.1.2}% 13
\BOOKMARK [3][-]{subsubsection.1.2.8}{\376\377\000O\000b\000s\000e\000r\000v\000a\000c\000i\000o\000n\000e\000s\000\040\000f\000i\000n\000a\000l\000e\000s}{subsection.1.2}% 14
\BOOKMARK [2][-]{subsection.1.3}{\376\377\000A\000s\000p\000e\000c\000t\000o\000s\000\040\000g\000e\000n\000e\000r\000a\000l\000e\000s\000\040\000s\000o\000b\000r\000e\000\040\000v\000e\000c\000t\000o\000r\000e\000s\000\040\000a\000l\000e\000a\000t\000o\000r\000i\000o\000s}{section.1}% 15
\BOOKMARK [3][-]{subsubsection.1.3.1}{\376\377\000E\000s\000p\000e\000r\000a\000n\000z\000a\000\040\000y\000\040\000c\000o\000v\000a\000r\000i\000a\000n\000z\000a\000\040\000\050\000`\000`\000o\000p\000e\000r\000a\000d\000o\000r\000e\000s\000'\000'\000\051}{subsection.1.3}% 16
\BOOKMARK [3][-]{subsubsection.1.3.2}{\376\377\000F\000u\000n\000c\000i\000\363\000n\000\040\000c\000a\000r\000a\000c\000t\000e\000r\000\355\000s\000t\000i\000c\000a}{subsection.1.3}% 17
\BOOKMARK [3][-]{subsubsection.1.3.3}{\376\377\000M\000o\000m\000e\000n\000t\000o\000s\000\040\000y\000\040\000c\000u\000m\000u\000l\000a\000n\000t\000e\000s}{subsection.1.3}% 18
\BOOKMARK [3][-]{subsubsection.1.3.4}{\376\377\000C\000a\000m\000b\000i\000o\000\040\000d\000e\000\040\000v\000a\000r\000i\000a\000b\000l\000e\000s}{subsection.1.3}% 19
\BOOKMARK [2][-]{subsection.1.4}{\376\377\000D\000e\000s\000c\000o\000m\000p\000o\000s\000i\000c\000i\000\363\000n\000\040\000M\000a\000t\000r\000i\000c\000i\000a\000l\000e\000s\000\040\000D\000i\000a\000g\000o\000n\000a\000l\000i\000z\000a\000c\000i\000\363\000n}{section.1}% 20
\BOOKMARK [3][-]{subsubsection.1.4.1}{\376\377\000D\000e\000s\000c\000o\000m\000p\000o\000s\000i\000c\000i\000\363\000n\000\040\000d\000e\000\040\000C\000h\000o\000l\000e\000s\000k\000y}{subsection.1.4}% 21
\BOOKMARK [2][-]{subsection.1.5}{\376\377\000C\000a\000s\000o\000\040\000:\000\040\000d\000e\000f\000i\000n\000i\000c\000i\000o\000n\000e\000s\000,\000\040\000p\000r\000o\000p\000i\000e\000d\000a\000d\000e\000s\000\040\000y\000\040\000c\000a\000r\000a\000c\000t\000e\000r\000i\000z\000a\000c\000i\000o\000n\000e\000s}{section.1}% 22
\BOOKMARK [3][-]{subsubsection.1.5.1}{\376\377\000D\000e\000f\000i\000n\000i\000c\000i\000\363\000n\000\040\000e\000n\000\040\000t\000\351\000r\000m\000i\000n\000o\000s\000\040\000d\000e\000\040\000l\000a\000\040\000d\000e\000n\000s\000i\000d\000a\000d}{subsection.1.5}% 23
\BOOKMARK [3][-]{subsubsection.1.5.2}{\376\377\000V\000e\000c\000t\000o\000r\000\040\000d\000e\000\040\000m\000e\000d\000i\000a\000s\000\040\000y\000\040\000m\000a\000t\000r\000i\000z\000\040\000d\000e\000\040\000c\000o\000v\000a\000r\000i\000a\000n\000z\000a\000s}{subsection.1.5}% 24
\BOOKMARK [3][-]{subsubsection.1.5.3}{\376\377\000A\000l\000g\000u\000n\000a\000s\000\040\000p\000r\000o\000p\000i\000e\000d\000a\000d\000e\000s\000\040\000\050\000c\000a\000s\000o\000\040\000\051\000\051}{subsection.1.5}% 25
\BOOKMARK [3][-]{subsubsection.1.5.4}{\376\377\000F\000u\000n\000c\000i\000\363\000n\000\040\000c\000a\000r\000a\000c\000t\000e\000r\000\355\000s\000t\000i\000c\000a\000\040\000d\000e\000\040\000l\000a\000\040\000D\000N\000M\000\040\000\050\000c\000a\000s\000o\000\040\000\051\000\051}{subsection.1.5}% 26
\BOOKMARK [3][-]{subsubsection.1.5.5}{\376\377\000M\000a\000r\000g\000i\000n\000a\000l\000i\000z\000a\000c\000i\000\363\000n\000\040\000\050\000c\000a\000s\000o\000\040\000\051\000\051}{subsection.1.5}% 27
\BOOKMARK [3][-]{subsubsection.1.5.6}{\376\377\000C\000a\000r\000a\000c\000t\000e\000r\000i\000z\000a\000c\000i\000\363\000n\000\040\000d\000e\000\040\000l\000a\000\040\000D\000N\000M\000\040\000e\000n\000\040\000t\000\351\000r\000m\000i\000n\000o\000s\000\040\000d\000e\000\040\000n\000o\000r\000m\000a\000l\000i\000d\000a\000d\000\040\000d\000e\000\040\000c\000o\000m\000b\000i\000n\000a\000c\000i\000o\000n\000e\000s\000\040\000l\000i\000n\000e\000a\000l\000e\000s\000\040\000d\000e\000\040\000l\000a\000s\000\040\000c\000o\000m\000p\000o\000n\000e\000n\000t\000e\000s\000\040\000\050\000c\000a\000s\000o\000\040\000\051\000\051}{subsection.1.5}% 28
\BOOKMARK [3][-]{subsubsection.1.5.7}{\376\377\000C\000a\000r\000a\000c\000t\000e\000r\000i\000z\000a\000c\000i\000\363\000n\000\040\000d\000e\000\040\000l\000a\000\040\000D\000N\000M\000\040\000e\000n\000\040\000t\000\351\000r\000m\000i\000n\000o\000s\000\040\000d\000e\000\040\000l\000a\000\040\000d\000e\000n\000s\000i\000d\000a\000d\000\040\000e\000s\000f\000\351\000r\000i\000c\000a\000\040\000e\000s\000t\000\341\000n\000d\000a\000r\000\040\000\050\000c\000a\000s\000o\000\040\000\051\000\051}{subsection.1.5}% 29
\BOOKMARK [2][-]{subsection.1.6}{\376\377\000E\000x\000t\000e\000n\000s\000i\000\363\000n\000\040\000a\000l\000\040\000c\000a\000s\000o\000\040\000g\000e\000n\000e\000r\000a\000l\000,\000\040\000\051}{section.1}% 30
\BOOKMARK [3][-]{subsubsection.1.6.1}{\376\377\000I\000n\000t\000r\000o\000d\000u\000c\000c\000i\000\363\000n}{subsection.1.6}% 31
\BOOKMARK [3][-]{subsubsection.1.6.2}{\376\377\000S\000o\000b\000r\000e\000\040\000l\000a\000\040\000d\000e\000s\000c\000o\000m\000p\000o\000s\000i\000c\000i\000\363\000n\000\040\000e\000s\000p\000e\000c\000t\000r\000a\000l\000\040\000d\000e\000\040\000l\000a\000\040\000m\000a\000t\000r\000i\000z\000\040\000d\000e\000\040\000c\000o\000v\000a\000r\000i\000a\000n\000z\000a\000s\000,\000\040\000\051}{subsection.1.6}% 32
\BOOKMARK [3][-]{subsubsection.1.6.3}{\376\377\000F\000u\000n\000c\000i\000\363\000n\000\040\000c\000a\000r\000a\000c\000t\000e\000r\000\355\000s\000t\000i\000c\000a\000\040\000d\000e\000\040\000l\000a\000\040\000D\000N\000M\000\040\000\050\000c\000a\000s\000o\000\040\000\051\000\051}{subsection.1.6}% 33
\BOOKMARK [3][-]{subsubsection.1.6.4}{\376\377\000T\000r\000a\000n\000s\000f\000o\000r\000m\000a\000c\000i\000o\000n\000e\000s\000\040\000l\000i\000n\000e\000a\000l\000e\000s\000\040\000d\000e\000\040\000r\000a\000n\000g\000o\000\040\000n\000o\000\040\000n\000e\000c\000e\000s\000a\000r\000i\000a\000m\000e\000n\000t\000e\000\040\000m\000\341\000x\000i\000m\000o\000\040\000\050\000c\000a\000s\000o\000\040\000\051\000\051}{subsection.1.6}% 34
\BOOKMARK [3][-]{subsubsection.1.6.5}{\376\377\000E\000x\000t\000e\000n\000s\000i\000\363\000n\000\040\000d\000e\000\040\000l\000a\000\040\000c\000a\000r\000a\000c\000t\000e\000r\000i\000z\000a\000c\000i\000\363\000n\000\040\000[\000C\000-\000I\000]\000\040\000\050\000c\000a\000s\000o\000\040\000\051\000\051}{subsection.1.6}% 35
\BOOKMARK [3][-]{subsubsection.1.6.6}{\376\377\000E\000x\000t\000e\000n\000s\000i\000\363\000n\000\040\000d\000e\000\040\000l\000a\000\040\000c\000a\000r\000a\000c\000t\000e\000r\000i\000z\000a\000c\000i\000\363\000n\000\040\000[\000C\000-\000I\000I\000I\000]\000\040\000\050\000c\000a\000s\000o\000\040\000\051\000\051}{subsection.1.6}% 36
\BOOKMARK [3][-]{subsubsection.1.6.7}{\376\377\000D\000i\000s\000c\000u\000s\000i\000\363\000n\000\040\000e\000n\000\040\000r\000e\000l\000a\000c\000i\000\363\000n\000\040\000c\000o\000n\000\040\000l\000a\000\040\000p\000o\000s\000i\000b\000l\000e\000\040\000n\000o\000\040\000e\000x\000i\000s\000t\000e\000n\000c\000i\000a\000\040\000d\000e\000\040\000d\000e\000n\000s\000i\000d\000a\000d\000\040\000e\000n\000\040\000t\000o\000d\000o\000\040\000\051\000\040\000\050\000c\000a\000s\000o\000\040\000\051\000\051}{subsection.1.6}% 37
\BOOKMARK [3][-]{subsubsection.1.6.8}{\376\377\000N\000o\000r\000m\000a\000l\000i\000d\000a\000d\000\040\000d\000e\000\040\000c\000o\000m\000b\000i\000n\000a\000c\000i\000o\000n\000e\000s\000\040\000l\000i\000n\000e\000a\000l\000e\000s\000\040\000d\000e\000\040\000v\000e\000c\000t\000o\000r\000e\000s\000\040\000a\000l\000e\000a\000t\000o\000r\000i\000o\000s\000\040\000c\000o\000n\000\040\000D\000N\000M\000\040\000\050\000v\000e\000r\000s\000i\000\363\000n\000\040\000g\000e\000n\000e\000r\000a\000l\000\051\000\040\000i\000n\000d\000e\000p\000e\000n\000d\000i\000e\000n\000t\000e\000s}{subsection.1.6}% 38
\BOOKMARK [3][-]{subsubsection.1.6.9}{\376\377\000[\000C\000o\000m\000p\000l\000e\000m\000e\000n\000t\000o\000]\000\040\000E\000l\000\040\000`\000`\000p\000r\000o\000b\000l\000e\000m\000a\000\040\000d\000e\000\040\000L\000\351\000v\000y\000-\000C\000r\000a\000m\000\351\000r\000'\000'\000\040\000\050\000t\000e\000o\000r\000e\000m\000a\000\040\000d\000e\000\040\000C\000r\000a\000m\000\351\000r\000\051}{subsection.1.6}% 39
\BOOKMARK [2][-]{subsection.1.7}{\376\377\000C\000o\000m\000p\000l\000e\000m\000e\000n\000t\000o\000:\000\040\000D\000i\000s\000t\000r\000i\000b\000u\000c\000i\000o\000n\000e\000s\000\040\000e\000s\000f\000\351\000r\000i\000c\000a\000s\000\040\000y\000\040\000e\000l\000\355\000p\000t\000i\000c\000a\000s}{section.1}% 40
\BOOKMARK [3][-]{subsubsection.1.7.1}{\376\377\000D\000i\000s\000t\000r\000i\000b\000u\000c\000i\000o\000n\000e\000s\000\040\000e\000s\000f\000\351\000r\000i\000c\000a\000s}{subsection.1.7}% 41
\BOOKMARK [3][-]{subsubsection.1.7.2}{\376\377\000D\000e\000f\000i\000n\000i\000c\000i\000o\000n\000e\000s\000\040\000e\000l\000\355\000p\000t\000i\000c\000a\000s}{subsection.1.7}% 42
\BOOKMARK [2][-]{subsection.1.8}{\376\377\000F\000o\000r\000m\000a\000s\000\040\000c\000u\000a\000d\000r\000\341\000t\000i\000c\000a\000s\000\040\000b\000a\000s\000a\000d\000a\000s\000\040\000e\000n\000\040\000v\000e\000c\000t\000o\000r\000e\000s\000\040\000a\000l\000e\000a\000t\000o\000r\000i\000o\000s\000\040\000c\000o\000n\000\040\000D\000N\000M}{section.1}% 43
\BOOKMARK [3][-]{subsubsection.1.8.1}{\376\377\000M\000o\000t\000i\000v\000a\000c\000i\000\363\000n}{subsection.1.8}% 44
\BOOKMARK [3][-]{subsubsection.1.8.2}{\376\377\000D\000i\000s\000t\000r\000i\000b\000u\000c\000i\000o\000n\000e\000s\000\040\000\051\000\040\000y\000\040\000\051\000\040\000n\000o\000\040\000c\000e\000n\000t\000r\000a\000d\000a\000s}{subsection.1.8}% 45
\BOOKMARK [3][-]{subsubsection.1.8.3}{\376\377\000F\000o\000r\000m\000a\000s\000\040\000c\000u\000a\000d\000r\000\341\000t\000i\000c\000a\000s\000\040\000\051\000,\000\040\000c\000o\000n\000\040\000\051\000\040\000\050\000\051\000\051}{subsection.1.8}% 46
\BOOKMARK [3][-]{subsubsection.1.8.4}{\376\377\000A\000P\000\311\000N\000D\000I\000C\000E\000:\000\040\000F\000u\000n\000c\000i\000o\000n\000e\000s\000\040\000h\000i\000p\000e\000r\000g\000e\000o\000m\000\351\000t\000r\000i\000c\000a\000s\000\040\000g\000e\000n\000e\000r\000a\000l\000i\000z\000a\000d\000a\000s}{subsection.1.8}% 47
\BOOKMARK [2][-]{subsection.1.9}{\376\377\000T\000e\000m\000a\000r\000i\000o\000\040\000e\000x\000a\000m\000e\000n}{section.1}% 48
\BOOKMARK [1][-]{section.2}{\376\377\000I\000n\000f\000e\000r\000e\000n\000c\000i\000a\000\040\000e\000n\000\040\000l\000a\000\040\000D\000i\000s\000t\000r\000i\000b\000u\000c\000i\000\363\000n\000\040\000N\000o\000r\000m\000a\000l\000\040\000M\000u\000l\000t\000i\000v\000a\000r\000i\000a\000n\000t\000e}{}% 49
\BOOKMARK [2][-]{subsection.2.1}{\376\377\000I\000n\000t\000r\000o\000d\000u\000c\000c\000i\000\363\000n}{section.2}% 50
\BOOKMARK [3][-]{subsubsection.2.1.1}{\376\377\000`\000`\000M\000u\000e\000s\000t\000r\000a\000\040\000a\000l\000e\000a\000t\000o\000r\000i\000a\000\040\000s\000i\000m\000p\000l\000e\000'\000'\000\040\000v\000e\000c\000t\000o\000r\000i\000a\000l}{subsection.2.1}% 51
\BOOKMARK [3][-]{subsubsection.2.1.2}{\376\377\000M\000e\000d\000i\000d\000a\000s\000\040\000m\000u\000e\000s\000t\000r\000a\000l\000e\000s\000\040\000d\000e\000\040\000p\000r\000i\000m\000e\000r\000\040\000y\000\040\000s\000e\000g\000u\000n\000d\000o\000\040\000o\000r\000d\000e\000n}{subsection.2.1}% 52
\BOOKMARK [3][-]{subsubsection.2.1.3}{\376\377\000F\000\363\000r\000m\000u\000l\000a\000\040\000d\000e\000\040\000m\000o\000m\000e\000n\000t\000o\000s\000\040\000m\000u\000l\000t\000i\000v\000a\000r\000i\000a\000n\000t\000e\000\040\000m\000u\000e\000s\000t\000r\000a\000l}{subsection.2.1}% 53
\BOOKMARK [2][-]{subsection.2.2}{\376\377\000I\000n\000f\000e\000r\000e\000n\000c\000i\000a\000\040\000e\000n\000\040\000l\000a\000\040\000D\000N\000M}{section.2}% 54
\BOOKMARK [3][-]{subsubsection.2.2.1}{\376\377\000F\000u\000n\000c\000i\000\363\000n\000\040\000d\000e\000\040\000v\000e\000r\000o\000s\000i\000m\000i\000l\000i\000t\000u\000d}{subsection.2.2}% 55
\BOOKMARK [3][-]{subsubsection.2.2.2}{\376\377\000E\000s\000t\000i\000m\000a\000d\000o\000r\000e\000s\000\040\000m\000\341\000x\000i\000m\000o\000-\000v\000e\000r\000o\000s\000\355\000m\000i\000l\000e\000s\000\040\000d\000e\000\040\000\051\000\040\000y\000\040\000\051}{subsection.2.2}% 56
\BOOKMARK [3][-]{subsubsection.2.2.3}{\376\377\000T\000e\000o\000r\000e\000m\000a\000\040\000d\000e\000\040\000D\000y\000k\000s\000t\000r\000a}{subsection.2.2}% 57
\BOOKMARK [3][-]{subsubsection.2.2.4}{\376\377\000T\000e\000o\000r\000e\000m\000a\000\040\000d\000e\000\040\000F\000i\000s\000h\000e\000r\000\040\000m\000u\000l\000t\000i\000v\000a\000r\000i\000a\000n\000t\000e}{subsection.2.2}% 58
\BOOKMARK [3][-]{subsubsection.2.2.5}{\376\377\000P\000r\000o\000p\000i\000e\000d\000a\000d\000e\000s\000\040\000d\000e\000\040\000l\000o\000s\000\040\000E\000M\000V\000\040\000\051\000\040\000y\000\040\000\051}{subsection.2.2}% 59
\BOOKMARK [3][-]{subsubsection.2.2.6}{\376\377\000P\000r\000o\000p\000i\000e\000d\000a\000d\000e\000s\000\040\000d\000e\000\040\000l\000o\000s\000\040\000E\000M\000V\000\040\000\051\000\040\000y\000\040\000\051\000\040\000S\000o\000b\000r\000e\000\040\000I\000N\000S\000E\000S\000G\000A\000D\000E\000Z}{subsection.2.2}% 60
\BOOKMARK [3][-]{subsubsection.2.2.7}{\376\377\000P\000r\000o\000p\000i\000e\000d\000a\000d\000e\000s\000\040\000d\000e\000\040\000l\000o\000s\000\040\000E\000M\000V\000\040\000\051\000\040\000y\000\040\000\051\000:\000\040\000S\000o\000b\000r\000e\000\040\000C\000O\000N\000S\000I\000S\000T\000E\000N\000C\000I\000A}{subsection.2.2}% 61
\BOOKMARK [3][-]{subsubsection.2.2.8}{\376\377\000P\000r\000o\000p\000i\000e\000d\000a\000d\000e\000s\000\040\000d\000e\000\040\000l\000o\000s\000\040\000E\000M\000V\000\040\000\051\000\040\000y\000\040\000\051\000:\000\040\000S\000o\000b\000r\000e\000\040\000E\000F\000I\000C\000I\000E\000N\000C\000I\000A}{subsection.2.2}% 62
\BOOKMARK [3][-]{subsubsection.2.2.9}{\376\377\000T\000e\000o\000r\000e\000m\000a\000\040\000d\000e\000\040\000Z\000e\000h\000n\000a\000:\000\040\000I\000N\000V\000A\000R\000I\000A\000N\000C\000I\000A\000\040\000d\000e\000\040\000l\000o\000s\000\040\000e\000s\000t\000i\000m\000a\000d\000o\000r\000e\000s\000\040\000M\000V}{subsection.2.2}% 63
\BOOKMARK [3][-]{subsubsection.2.2.10}{\376\377\000[\000C\000o\000m\000p\000l\000e\000m\000e\000n\000t\000o\000]\000\040\000D\000i\000s\000t\000r\000i\000b\000u\000c\000i\000o\000n\000e\000s\000\040\000a\000s\000i\000n\000t\000\363\000t\000i\000c\000a\000s\000\040\000d\000e\000\040\000\051\000\040\000y\000\040\000\051\000,\000\040\000c\000o\000n\000\040\000d\000i\000s\000t\000r\000i\000b\000u\000c\000i\000\363\000n\000\040\000d\000e\000\040\000r\000e\000f\000e\000r\000e\000n\000c\000i\000a\000\040\000n\000o\000\040\000n\000e\000c\000e\000s\000a\000r\000i\000a\000m\000e\000n\000t\000e\000\040\000n\000o\000r\000m\000a\000l}{subsection.2.2}% 64
\BOOKMARK [2][-]{subsection.2.3}{\376\377\000D\000i\000s\000t\000r\000i\000b\000u\000c\000i\000\363\000n\000\040\000d\000e\000\040\000W\000i\000s\000h\000a\000r\000t}{section.2}% 65
\BOOKMARK [3][-]{subsubsection.2.3.1}{\376\377\000M\000o\000t\000i\000v\000a\000c\000i\000\363\000n}{subsection.2.3}% 66
\BOOKMARK [3][-]{subsubsection.2.3.2}{\376\377\000D\000e\000f\000i\000n\000i\000c\000i\000\363\000n}{subsection.2.3}% 67
\BOOKMARK [3][-]{subsubsection.2.3.3}{\376\377\000L\000a\000\040\000d\000i\000s\000t\000r\000i\000b\000u\000c\000i\000\363\000n\000\040\000d\000e\000\040\000W\000i\000s\000h\000a\000r\000t\000\040\000c\000o\000m\000o\000\040\000e\000x\000t\000e\000n\000s\000i\000\363\000n\000\040\000d\000e\000\040\000l\000a\000\040\000\051}{subsection.2.3}% 68
\BOOKMARK [3][-]{subsubsection.2.3.4}{\376\377\000F\000u\000n\000c\000i\000\363\000n\000\040\000c\000a\000r\000a\000c\000t\000e\000r\000\355\000s\000t\000i\000c\000a}{subsection.2.3}% 69
\BOOKMARK [3][-]{subsubsection.2.3.5}{\376\377\000A\000l\000g\000u\000n\000a\000s\000\040\000p\000r\000o\000p\000i\000e\000d\000a\000d\000e\000s\000\040\000d\000e\000\040\000l\000a\000\040\000d\000i\000s\000t\000r\000i\000b\000u\000c\000i\000\363\000n\000\040\000d\000e\000\040\000W\000i\000s\000h\000a\000r\000t}{subsection.2.3}% 70
\BOOKMARK [3][-]{subsubsection.2.3.6}{\376\377\000A\000l\000g\000u\000n\000o\000s\000\040\000a\000s\000p\000e\000c\000t\000o\000s\000\040\000c\000o\000m\000p\000l\000e\000m\000e\000n\000t\000a\000r\000i\000o\000s}{subsection.2.3}% 71
\BOOKMARK [2][-]{subsection.2.4}{\376\377\000D\000i\000s\000t\000r\000i\000b\000u\000c\000i\000\363\000n\000\040\000\051\000\040\000d\000e\000\040\000H\000o\000t\000e\000l\000l\000i\000n\000g}{section.2}% 72
\BOOKMARK [3][-]{subsubsection.2.4.1}{\376\377\000D\000i\000s\000t\000r\000i\000b\000u\000c\000i\000\363\000n\000\040\000\051\000\040\000d\000e\000\040\000H\000o\000t\000e\000l\000l\000i\000n\000g}{subsection.2.4}% 73
\BOOKMARK [3][-]{subsubsection.2.4.2}{\376\377\000E\000s\000t\000a\000d\000\355\000s\000t\000i\000c\000o\000\040\000\051\000\040\000d\000e\000\040\000H\000o\000t\000e\000l\000l\000i\000n\000g\000\040\000\050\000i\000n\000f\000e\000r\000e\000n\000c\000i\000a\000\040\000m\000u\000l\000t\000i\000v\000a\000r\000i\000a\000n\000t\000e\000\051}{subsection.2.4}% 74
\BOOKMARK [3][-]{subsubsection.2.4.3}{\376\377\000A\000p\000l\000i\000c\000a\000c\000i\000\363\000n\000:\000\040\000C\000o\000n\000t\000r\000a\000s\000t\000e\000\040\000s\000o\000b\000r\000e\000\040\000e\000l\000\040\000v\000e\000c\000t\000o\000r\000\040\000d\000e\000\040\000m\000e\000d\000i\000a\000s\000\040\000e\000n\000\040\000u\000n\000a\000\040\000D\000N\000M}{subsection.2.4}% 75
\BOOKMARK [3][-]{subsubsection.2.4.4}{\376\377\000E\000j\000e\000m\000p\000l\000o}{subsection.2.4}% 76
